This is pdfTeX, Version 3.1415926-2.5-1.40.14 (MiKTeX 2.9) (preloaded format=pdflatex 2016.1.7)  10 FEB 2016 18:09
entering extended mode
**Combat_system.tex
(C:\Data\Projects\jaynik2drpg\doc\diagrams\Combat_system.tex
LaTeX2e <2011/06/27>
Babel <v3.8m> and hyphenation patterns for english, afrikaans, ancientgreek, ar
abic, armenian, assamese, basque, bengali, bokmal, bulgarian, catalan, coptic, 
croatian, czech, danish, dutch, esperanto, estonian, farsi, finnish, french, ga
lician, german, german-x-2013-05-26, greek, gujarati, hindi, hungarian, iceland
ic, indonesian, interlingua, irish, italian, kannada, kurmanji, latin, latvian,
 lithuanian, malayalam, marathi, mongolian, mongolianlmc, monogreek, ngerman, n
german-x-2013-05-26, nynorsk, oriya, panjabi, pinyin, polish, portuguese, roman
ian, russian, sanskrit, serbian, slovak, slovenian, spanish, swedish, swissgerm
an, tamil, telugu, turkish, turkmen, ukenglish, ukrainian, uppersorbian, usengl
ishmax, welsh, loaded.
("C:\Program Files (x86)\MiKTeX 2.9\tex\latex\base\article.cls"
Document Class: article 2007/10/19 v1.4h Standard LaTeX document class
("C:\Program Files (x86)\MiKTeX 2.9\tex\latex\base\size10.clo"
File: size10.clo 2007/10/19 v1.4h Standard LaTeX file (size option)
)
\c@part=\count79
\c@section=\count80
\c@subsection=\count81
\c@subsubsection=\count82
\c@paragraph=\count83
\c@subparagraph=\count84
\c@figure=\count85
\c@table=\count86
\abovecaptionskip=\skip41
\belowcaptionskip=\skip42
\bibindent=\dimen102
)
("C:\Program Files (x86)\MiKTeX 2.9\tex\latex\geometry\geometry.sty"
Package: geometry 2010/09/12 v5.6 Page Geometry

("C:\Program Files (x86)\MiKTeX 2.9\tex\latex\graphics\keyval.sty"
Package: keyval 1999/03/16 v1.13 key=value parser (DPC)
\KV@toks@=\toks14
)
("C:\Program Files (x86)\MiKTeX 2.9\tex\generic\oberdiek\ifpdf.sty"
Package: ifpdf 2011/01/30 v2.3 Provides the ifpdf switch (HO)
Package ifpdf Info: pdfTeX in PDF mode is detected.
)
("C:\Program Files (x86)\MiKTeX 2.9\tex\generic\oberdiek\ifvtex.sty"
Package: ifvtex 2010/03/01 v1.5 Detect VTeX and its facilities (HO)
Package ifvtex Info: VTeX not detected.
)
("C:\Program Files (x86)\MiKTeX 2.9\tex\generic\ifxetex\ifxetex.sty"
Package: ifxetex 2010/09/12 v0.6 Provides ifxetex conditional
)
\Gm@cnth=\count87
\Gm@cntv=\count88
\c@Gm@tempcnt=\count89
\Gm@bindingoffset=\dimen103
\Gm@wd@mp=\dimen104
\Gm@odd@mp=\dimen105
\Gm@even@mp=\dimen106
\Gm@layoutwidth=\dimen107
\Gm@layoutheight=\dimen108
\Gm@layouthoffset=\dimen109
\Gm@layoutvoffset=\dimen110
\Gm@dimlist=\toks15

("C:\Program Files (x86)\MiKTeX 2.9\tex\latex\geometry\geometry.cfg"))
("C:\Program Files (x86)\MiKTeX 2.9\tex\latex\base\inputenc.sty"
Package: inputenc 2008/03/30 v1.1d Input encoding file
\inpenc@prehook=\toks16
\inpenc@posthook=\toks17

("C:\Program Files (x86)\MiKTeX 2.9\tex\latex\base\latin1.def"
File: latin1.def 2008/03/30 v1.1d Input encoding file
))
(C:\Users\dominik.werner\AppData\Roaming\MiKTeX\2.9\tex\latex\pgf\frontendlayer
\tikz.sty
(C:\Users\dominik.werner\AppData\Roaming\MiKTeX\2.9\tex\latex\pgf\basiclayer\pg
f.sty
(C:\Users\dominik.werner\AppData\Roaming\MiKTeX\2.9\tex\latex\pgf\utilities\pgf
rcs.sty
(C:\Users\dominik.werner\AppData\Roaming\MiKTeX\2.9\tex\generic\pgf\utilities\p
gfutil-common.tex
\pgfutil@everybye=\toks18
\pgfutil@tempdima=\dimen111
\pgfutil@tempdimb=\dimen112

(C:\Users\dominik.werner\AppData\Roaming\MiKTeX\2.9\tex\generic\pgf\utilities\p
gfutil-common-lists.tex))
(C:\Users\dominik.werner\AppData\Roaming\MiKTeX\2.9\tex\generic\pgf\utilities\p
gfutil-latex.def
\pgfutil@abb=\box26

(C:\Users\dominik.werner\AppData\Roaming\MiKTeX\2.9\tex\latex\ms\everyshi.sty
Package: everyshi 2001/05/15 v3.00 EveryShipout Package (MS)
))
(C:\Users\dominik.werner\AppData\Roaming\MiKTeX\2.9\tex\generic\pgf\utilities\p
gfrcs.code.tex
Package: pgfrcs 2015/08/07 v3.0.1a (rcs-revision 1.31)
))
Package: pgf 2015/08/07 v3.0.1a (rcs-revision 1.15)

(C:\Users\dominik.werner\AppData\Roaming\MiKTeX\2.9\tex\latex\pgf\basiclayer\pg
fcore.sty ("C:\Program Files (x86)\MiKTeX 2.9\tex\latex\graphics\graphicx.sty"
Package: graphicx 1999/02/16 v1.0f Enhanced LaTeX Graphics (DPC,SPQR)

("C:\Program Files (x86)\MiKTeX 2.9\tex\latex\graphics\graphics.sty"
Package: graphics 2009/02/05 v1.0o Standard LaTeX Graphics (DPC,SPQR)

("C:\Program Files (x86)\MiKTeX 2.9\tex\latex\graphics\trig.sty"
Package: trig 1999/03/16 v1.09 sin cos tan (DPC)
)
("C:\Program Files (x86)\MiKTeX 2.9\tex\latex\00miktex\graphics.cfg"
File: graphics.cfg 2007/01/18 v1.5 graphics configuration of teTeX/TeXLive
)
Package graphics Info: Driver file: pdftex.def on input line 91.

("C:\Program Files (x86)\MiKTeX 2.9\tex\latex\pdftex-def\pdftex.def"
File: pdftex.def 2011/05/27 v0.06d Graphics/color for pdfTeX

("C:\Program Files (x86)\MiKTeX 2.9\tex\generic\oberdiek\infwarerr.sty"
Package: infwarerr 2010/04/08 v1.3 Providing info/warning/error messages (HO)
)
("C:\Program Files (x86)\MiKTeX 2.9\tex\generic\oberdiek\ltxcmds.sty"
Package: ltxcmds 2011/11/09 v1.22 LaTeX kernel commands for general use (HO)
)
\Gread@gobject=\count90
))
\Gin@req@height=\dimen113
\Gin@req@width=\dimen114
)
(C:\Users\dominik.werner\AppData\Roaming\MiKTeX\2.9\tex\latex\pgf\systemlayer\p
gfsys.sty
(C:\Users\dominik.werner\AppData\Roaming\MiKTeX\2.9\tex\generic\pgf\systemlayer
\pgfsys.code.tex
Package: pgfsys 2014/07/09 v3.0.1a (rcs-revision 1.48)

(C:\Users\dominik.werner\AppData\Roaming\MiKTeX\2.9\tex\generic\pgf\utilities\p
gfkeys.code.tex
\pgfkeys@pathtoks=\toks19
\pgfkeys@temptoks=\toks20

(C:\Users\dominik.werner\AppData\Roaming\MiKTeX\2.9\tex\generic\pgf\utilities\p
gfkeysfiltered.code.tex
\pgfkeys@tmptoks=\toks21
))
\pgf@x=\dimen115
\pgf@y=\dimen116
\pgf@xa=\dimen117
\pgf@ya=\dimen118
\pgf@xb=\dimen119
\pgf@yb=\dimen120
\pgf@xc=\dimen121
\pgf@yc=\dimen122
\w@pgf@writea=\write3
\r@pgf@reada=\read1
\c@pgf@counta=\count91
\c@pgf@countb=\count92
\c@pgf@countc=\count93
\c@pgf@countd=\count94
\t@pgf@toka=\toks22
\t@pgf@tokb=\toks23
\t@pgf@tokc=\toks24

(C:\Users\dominik.werner\AppData\Roaming\MiKTeX\2.9\tex\generic\pgf\systemlayer
\pgf.cfg
File: pgf.cfg 2008/05/14  (rcs-revision 1.7)
)
Driver file for pgf: pgfsys-pdftex.def

(C:\Users\dominik.werner\AppData\Roaming\MiKTeX\2.9\tex\generic\pgf\systemlayer
\pgfsys-pdftex.def
File: pgfsys-pdftex.def 2014/10/11  (rcs-revision 1.35)

(C:\Users\dominik.werner\AppData\Roaming\MiKTeX\2.9\tex\generic\pgf\systemlayer
\pgfsys-common-pdf.def
File: pgfsys-common-pdf.def 2013/10/10  (rcs-revision 1.13)
)))
(C:\Users\dominik.werner\AppData\Roaming\MiKTeX\2.9\tex\generic\pgf\systemlayer
\pgfsyssoftpath.code.tex
File: pgfsyssoftpath.code.tex 2013/09/09  (rcs-revision 1.9)
\pgfsyssoftpath@smallbuffer@items=\count95
\pgfsyssoftpath@bigbuffer@items=\count96
)
(C:\Users\dominik.werner\AppData\Roaming\MiKTeX\2.9\tex\generic\pgf\systemlayer
\pgfsysprotocol.code.tex
File: pgfsysprotocol.code.tex 2006/10/16  (rcs-revision 1.4)
))
(C:\Users\dominik.werner\AppData\Roaming\MiKTeX\2.9\tex\latex\xcolor\xcolor.sty
Package: xcolor 2007/01/21 v2.11 LaTeX color extensions (UK)
("C:\Program Files (x86)\MiKTeX 2.9\tex\latex\00miktex\color.cfg"
File: color.cfg 2007/01/18 v1.5 color configuration of teTeX/TeXLive
)
Package xcolor Info: Driver file: pdftex.def on input line 225.
Package xcolor Info: Model `cmy' substituted by `cmy0' on input line 1337.
Package xcolor Info: Model `hsb' substituted by `rgb' on input line 1341.
Package xcolor Info: Model `RGB' extended on input line 1353.
Package xcolor Info: Model `HTML' substituted by `rgb' on input line 1355.
Package xcolor Info: Model `Hsb' substituted by `hsb' on input line 1356.
Package xcolor Info: Model `tHsb' substituted by `hsb' on input line 1357.
Package xcolor Info: Model `HSB' substituted by `hsb' on input line 1358.
Package xcolor Info: Model `Gray' substituted by `gray' on input line 1359.
Package xcolor Info: Model `wave' substituted by `hsb' on input line 1360.
)
(C:\Users\dominik.werner\AppData\Roaming\MiKTeX\2.9\tex\generic\pgf\basiclayer\
pgfcore.code.tex
Package: pgfcore 2010/04/11 v3.0.1a (rcs-revision 1.7)

(C:\Users\dominik.werner\AppData\Roaming\MiKTeX\2.9\tex\generic\pgf\math\pgfmat
h.code.tex
(C:\Users\dominik.werner\AppData\Roaming\MiKTeX\2.9\tex\generic\pgf\math\pgfmat
hcalc.code.tex
(C:\Users\dominik.werner\AppData\Roaming\MiKTeX\2.9\tex\generic\pgf\math\pgfmat
hutil.code.tex)
(C:\Users\dominik.werner\AppData\Roaming\MiKTeX\2.9\tex\generic\pgf\math\pgfmat
hparser.code.tex
\pgfmath@dimen=\dimen123
\pgfmath@count=\count97
\pgfmath@box=\box27
\pgfmath@toks=\toks25
\pgfmath@stack@operand=\toks26
\pgfmath@stack@operation=\toks27
)
(C:\Users\dominik.werner\AppData\Roaming\MiKTeX\2.9\tex\generic\pgf\math\pgfmat
hfunctions.code.tex
(C:\Users\dominik.werner\AppData\Roaming\MiKTeX\2.9\tex\generic\pgf\math\pgfmat
hfunctions.basic.code.tex)
(C:\Users\dominik.werner\AppData\Roaming\MiKTeX\2.9\tex\generic\pgf\math\pgfmat
hfunctions.trigonometric.code.tex)
(C:\Users\dominik.werner\AppData\Roaming\MiKTeX\2.9\tex\generic\pgf\math\pgfmat
hfunctions.random.code.tex)
(C:\Users\dominik.werner\AppData\Roaming\MiKTeX\2.9\tex\generic\pgf\math\pgfmat
hfunctions.comparison.code.tex)
(C:\Users\dominik.werner\AppData\Roaming\MiKTeX\2.9\tex\generic\pgf\math\pgfmat
hfunctions.base.code.tex)
(C:\Users\dominik.werner\AppData\Roaming\MiKTeX\2.9\tex\generic\pgf\math\pgfmat
hfunctions.round.code.tex)
(C:\Users\dominik.werner\AppData\Roaming\MiKTeX\2.9\tex\generic\pgf\math\pgfmat
hfunctions.misc.code.tex)
(C:\Users\dominik.werner\AppData\Roaming\MiKTeX\2.9\tex\generic\pgf\math\pgfmat
hfunctions.integerarithmetics.code.tex)))
(C:\Users\dominik.werner\AppData\Roaming\MiKTeX\2.9\tex\generic\pgf\math\pgfmat
hfloat.code.tex
\c@pgfmathroundto@lastzeros=\count98
))
(C:\Users\dominik.werner\AppData\Roaming\MiKTeX\2.9\tex\generic\pgf\basiclayer\
pgfcorepoints.code.tex
File: pgfcorepoints.code.tex 2013/10/07  (rcs-revision 1.27)
\pgf@picminx=\dimen124
\pgf@picmaxx=\dimen125
\pgf@picminy=\dimen126
\pgf@picmaxy=\dimen127
\pgf@pathminx=\dimen128
\pgf@pathmaxx=\dimen129
\pgf@pathminy=\dimen130
\pgf@pathmaxy=\dimen131
\pgf@xx=\dimen132
\pgf@xy=\dimen133
\pgf@yx=\dimen134
\pgf@yy=\dimen135
\pgf@zx=\dimen136
\pgf@zy=\dimen137
)
(C:\Users\dominik.werner\AppData\Roaming\MiKTeX\2.9\tex\generic\pgf\basiclayer\
pgfcorepathconstruct.code.tex
File: pgfcorepathconstruct.code.tex 2013/10/07  (rcs-revision 1.29)
\pgf@path@lastx=\dimen138
\pgf@path@lasty=\dimen139
)
(C:\Users\dominik.werner\AppData\Roaming\MiKTeX\2.9\tex\generic\pgf\basiclayer\
pgfcorepathusage.code.tex
File: pgfcorepathusage.code.tex 2014/11/02  (rcs-revision 1.24)
\pgf@shorten@end@additional=\dimen140
\pgf@shorten@start@additional=\dimen141
)
(C:\Users\dominik.werner\AppData\Roaming\MiKTeX\2.9\tex\generic\pgf\basiclayer\
pgfcorescopes.code.tex
File: pgfcorescopes.code.tex 2015/05/08  (rcs-revision 1.46)
\pgfpic=\box28
\pgf@hbox=\box29
\pgf@layerbox@main=\box30
\pgf@picture@serial@count=\count99
)
(C:\Users\dominik.werner\AppData\Roaming\MiKTeX\2.9\tex\generic\pgf\basiclayer\
pgfcoregraphicstate.code.tex
File: pgfcoregraphicstate.code.tex 2014/11/02  (rcs-revision 1.12)
\pgflinewidth=\dimen142
)
(C:\Users\dominik.werner\AppData\Roaming\MiKTeX\2.9\tex\generic\pgf\basiclayer\
pgfcoretransformations.code.tex
File: pgfcoretransformations.code.tex 2015/08/07  (rcs-revision 1.20)
\pgf@pt@x=\dimen143
\pgf@pt@y=\dimen144
\pgf@pt@temp=\dimen145
)
(C:\Users\dominik.werner\AppData\Roaming\MiKTeX\2.9\tex\generic\pgf\basiclayer\
pgfcorequick.code.tex
File: pgfcorequick.code.tex 2008/10/09  (rcs-revision 1.3)
)
(C:\Users\dominik.werner\AppData\Roaming\MiKTeX\2.9\tex\generic\pgf\basiclayer\
pgfcoreobjects.code.tex
File: pgfcoreobjects.code.tex 2006/10/11  (rcs-revision 1.2)
)
(C:\Users\dominik.werner\AppData\Roaming\MiKTeX\2.9\tex\generic\pgf\basiclayer\
pgfcorepathprocessing.code.tex
File: pgfcorepathprocessing.code.tex 2013/09/09  (rcs-revision 1.9)
)
(C:\Users\dominik.werner\AppData\Roaming\MiKTeX\2.9\tex\generic\pgf\basiclayer\
pgfcorearrows.code.tex
File: pgfcorearrows.code.tex 2015/05/14  (rcs-revision 1.43)
\pgfarrowsep=\dimen146
)
(C:\Users\dominik.werner\AppData\Roaming\MiKTeX\2.9\tex\generic\pgf\basiclayer\
pgfcoreshade.code.tex
File: pgfcoreshade.code.tex 2013/07/15  (rcs-revision 1.15)
\pgf@max=\dimen147
\pgf@sys@shading@range@num=\count100
)
(C:\Users\dominik.werner\AppData\Roaming\MiKTeX\2.9\tex\generic\pgf\basiclayer\
pgfcoreimage.code.tex
File: pgfcoreimage.code.tex 2013/07/15  (rcs-revision 1.18)

(C:\Users\dominik.werner\AppData\Roaming\MiKTeX\2.9\tex\generic\pgf\basiclayer\
pgfcoreexternal.code.tex
File: pgfcoreexternal.code.tex 2014/07/09  (rcs-revision 1.21)
\pgfexternal@startupbox=\box31
))
(C:\Users\dominik.werner\AppData\Roaming\MiKTeX\2.9\tex\generic\pgf\basiclayer\
pgfcorelayers.code.tex
File: pgfcorelayers.code.tex 2013/07/18  (rcs-revision 1.7)
)
(C:\Users\dominik.werner\AppData\Roaming\MiKTeX\2.9\tex\generic\pgf\basiclayer\
pgfcoretransparency.code.tex
File: pgfcoretransparency.code.tex 2013/09/30  (rcs-revision 1.5)
)
(C:\Users\dominik.werner\AppData\Roaming\MiKTeX\2.9\tex\generic\pgf\basiclayer\
pgfcorepatterns.code.tex
File: pgfcorepatterns.code.tex 2013/11/07  (rcs-revision 1.5)
)))
(C:\Users\dominik.werner\AppData\Roaming\MiKTeX\2.9\tex\generic\pgf\modules\pgf
moduleshapes.code.tex
File: pgfmoduleshapes.code.tex 2014/03/21  (rcs-revision 1.35)
\pgfnodeparttextbox=\box32
)
(C:\Users\dominik.werner\AppData\Roaming\MiKTeX\2.9\tex\generic\pgf\modules\pgf
moduleplot.code.tex
File: pgfmoduleplot.code.tex 2015/08/03  (rcs-revision 1.13)
)
(C:\Users\dominik.werner\AppData\Roaming\MiKTeX\2.9\tex\latex\pgf\compatibility
\pgfcomp-version-0-65.sty
Package: pgfcomp-version-0-65 2007/07/03 v3.0.1a (rcs-revision 1.7)
\pgf@nodesepstart=\dimen148
\pgf@nodesepend=\dimen149
)
(C:\Users\dominik.werner\AppData\Roaming\MiKTeX\2.9\tex\latex\pgf\compatibility
\pgfcomp-version-1-18.sty
Package: pgfcomp-version-1-18 2007/07/23 v3.0.1a (rcs-revision 1.1)
))
(C:\Users\dominik.werner\AppData\Roaming\MiKTeX\2.9\tex\latex\pgf\utilities\pgf
for.sty
(C:\Users\dominik.werner\AppData\Roaming\MiKTeX\2.9\tex\latex\pgf\utilities\pgf
keys.sty
(C:\Users\dominik.werner\AppData\Roaming\MiKTeX\2.9\tex\generic\pgf\utilities\p
gfkeys.code.tex))
(C:\Users\dominik.werner\AppData\Roaming\MiKTeX\2.9\tex\latex\pgf\math\pgfmath.
sty
(C:\Users\dominik.werner\AppData\Roaming\MiKTeX\2.9\tex\generic\pgf\math\pgfmat
h.code.tex))
(C:\Users\dominik.werner\AppData\Roaming\MiKTeX\2.9\tex\generic\pgf\utilities\p
gffor.code.tex
Package: pgffor 2013/12/13 v3.0.1a (rcs-revision 1.25)

(C:\Users\dominik.werner\AppData\Roaming\MiKTeX\2.9\tex\generic\pgf\math\pgfmat
h.code.tex)
\pgffor@iter=\dimen150
\pgffor@skip=\dimen151
\pgffor@stack=\toks28
\pgffor@toks=\toks29
))
(C:\Users\dominik.werner\AppData\Roaming\MiKTeX\2.9\tex\generic\pgf\frontendlay
er\tikz\tikz.code.tex
Package: tikz 2015/08/07 v3.0.1a (rcs-revision 1.151)

(C:\Users\dominik.werner\AppData\Roaming\MiKTeX\2.9\tex\generic\pgf\libraries\p
gflibraryplothandlers.code.tex
File: pgflibraryplothandlers.code.tex 2013/08/31 v3.0.1a (rcs-revision 1.20)
\pgf@plot@mark@count=\count101
\pgfplotmarksize=\dimen152
)
\tikz@lastx=\dimen153
\tikz@lasty=\dimen154
\tikz@lastxsaved=\dimen155
\tikz@lastysaved=\dimen156
\tikzleveldistance=\dimen157
\tikzsiblingdistance=\dimen158
\tikz@figbox=\box33
\tikz@figbox@bg=\box34
\tikz@tempbox=\box35
\tikz@tempbox@bg=\box36
\tikztreelevel=\count102
\tikznumberofchildren=\count103
\tikznumberofcurrentchild=\count104
\tikz@fig@count=\count105

(C:\Users\dominik.werner\AppData\Roaming\MiKTeX\2.9\tex\generic\pgf\modules\pgf
modulematrix.code.tex
File: pgfmodulematrix.code.tex 2013/09/17  (rcs-revision 1.8)
\pgfmatrixcurrentrow=\count106
\pgfmatrixcurrentcolumn=\count107
\pgf@matrix@numberofcolumns=\count108
)
\tikz@expandcount=\count109

(C:\Users\dominik.werner\AppData\Roaming\MiKTeX\2.9\tex\generic\pgf\frontendlay
er\tikz\libraries\tikzlibrarytopaths.code.tex
File: tikzlibrarytopaths.code.tex 2008/06/17 v3.0.1a (rcs-revision 1.2)
)))
(C:\Users\dominik.werner\AppData\Roaming\MiKTeX\2.9\tex\generic\pgf\frontendlay
er\tikz\libraries\tikzlibraryshapes.code.tex
File: tikzlibraryshapes.code.tex 2008/01/09 v3.0.1a (rcs-revision 1.1)

(C:\Users\dominik.werner\AppData\Roaming\MiKTeX\2.9\tex\generic\pgf\frontendlay
er\tikz\libraries\tikzlibraryshapes.geometric.code.tex
File: tikzlibraryshapes.geometric.code.tex 2008/01/09 v3.0.1a (rcs-revision 1.1
)

(C:\Users\dominik.werner\AppData\Roaming\MiKTeX\2.9\tex\generic\pgf\libraries\s
hapes\pgflibraryshapes.geometric.code.tex
File: pgflibraryshapes.geometric.code.tex 2008/06/26 v3.0.1a (rcs-revision 1.1)

))
(C:\Users\dominik.werner\AppData\Roaming\MiKTeX\2.9\tex\generic\pgf\frontendlay
er\tikz\libraries\tikzlibraryshapes.misc.code.tex
File: tikzlibraryshapes.misc.code.tex 2008/01/09 v3.0.1a (rcs-revision 1.1)

(C:\Users\dominik.werner\AppData\Roaming\MiKTeX\2.9\tex\generic\pgf\libraries\s
hapes\pgflibraryshapes.misc.code.tex
File: pgflibraryshapes.misc.code.tex 2013/07/18 v3.0.1a (rcs-revision 1.5)
))
(C:\Users\dominik.werner\AppData\Roaming\MiKTeX\2.9\tex\generic\pgf\frontendlay
er\tikz\libraries\tikzlibraryshapes.symbols.code.tex
File: tikzlibraryshapes.symbols.code.tex 2008/01/09 v3.0.1a (rcs-revision 1.1)

(C:\Users\dominik.werner\AppData\Roaming\MiKTeX\2.9\tex\generic\pgf\libraries\s
hapes\pgflibraryshapes.symbols.code.tex
File: pgflibraryshapes.symbols.code.tex 2013/09/11 v3.0.1a (rcs-revision 1.6)
))
(C:\Users\dominik.werner\AppData\Roaming\MiKTeX\2.9\tex\generic\pgf\frontendlay
er\tikz\libraries\tikzlibraryshapes.arrows.code.tex
File: tikzlibraryshapes.arrows.code.tex 2008/01/09 v3.0.1a (rcs-revision 1.1)

(C:\Users\dominik.werner\AppData\Roaming\MiKTeX\2.9\tex\generic\pgf\libraries\s
hapes\pgflibraryshapes.arrows.code.tex
File: pgflibraryshapes.arrows.code.tex 2008/06/26 v3.0.1a (rcs-revision 1.1)
))
(C:\Users\dominik.werner\AppData\Roaming\MiKTeX\2.9\tex\generic\pgf\frontendlay
er\tikz\libraries\tikzlibraryshapes.callouts.code.tex
(C:\Users\dominik.werner\AppData\Roaming\MiKTeX\2.9\tex\generic\pgf\libraries\s
hapes\pgflibraryshapes.callouts.code.tex))
(C:\Users\dominik.werner\AppData\Roaming\MiKTeX\2.9\tex\generic\pgf\frontendlay
er\tikz\libraries\tikzlibraryshapes.multipart.code.tex
File: tikzlibraryshapes.multipart.code.tex 2008/01/09 v3.0.1a (rcs-revision 1.1
)

(C:\Users\dominik.werner\AppData\Roaming\MiKTeX\2.9\tex\generic\pgf\libraries\s
hapes\pgflibraryshapes.multipart.code.tex
File: pgflibraryshapes.multipart.code.tex 2010/01/07 v3.0.1a (rcs-revision 1.2)

\pgfnodepartlowerbox=\box37
\pgfnodeparttwobox=\box38
\pgfnodepartthreebox=\box39
\pgfnodepartfourbox=\box40
\pgfnodeparttwentybox=\box41
\pgfnodepartnineteenbox=\box42
\pgfnodeparteighteenbox=\box43
\pgfnodepartseventeenbox=\box44
\pgfnodepartsixteenbox=\box45
\pgfnodepartfifteenbox=\box46
\pgfnodepartfourteenbox=\box47
\pgfnodepartthirteenbox=\box48
\pgfnodeparttwelvebox=\box49
\pgfnodepartelevenbox=\box50
\pgfnodeparttenbox=\box51
\pgfnodepartninebox=\box52
\pgfnodeparteightbox=\box53
\pgfnodepartsevenbox=\box54
\pgfnodepartsixbox=\box55
\pgfnodepartfivebox=\box56
)))
(C:\Users\dominik.werner\AppData\Roaming\MiKTeX\2.9\tex\generic\pgf\frontendlay
er\tikz\libraries\tikzlibraryarrows.code.tex
File: tikzlibraryarrows.code.tex 2008/01/09 v3.0.1a (rcs-revision 1.1)

(C:\Users\dominik.werner\AppData\Roaming\MiKTeX\2.9\tex\generic\pgf\libraries\p
gflibraryarrows.code.tex
File: pgflibraryarrows.code.tex 2013/09/23 v3.0.1a (rcs-revision 1.16)
\arrowsize=\dimen159
))
(C:\Users\dominik.werner\AppData\Roaming\MiKTeX\2.9\tex\generic\pgf\frontendlay
er\tikz\libraries\tikzlibrarydecorations.pathreplacing.code.tex
(C:\Users\dominik.werner\AppData\Roaming\MiKTeX\2.9\tex\generic\pgf\frontendlay
er\tikz\libraries\tikzlibrarydecorations.code.tex
(C:\Users\dominik.werner\AppData\Roaming\MiKTeX\2.9\tex\generic\pgf\modules\pgf
moduledecorations.code.tex
\pgfdecoratedcompleteddistance=\dimen160
\pgfdecoratedremainingdistance=\dimen161
\pgfdecoratedinputsegmentcompleteddistance=\dimen162
\pgfdecoratedinputsegmentremainingdistance=\dimen163
\pgf@decorate@distancetomove=\dimen164
\pgf@decorate@repeatstate=\count110
\pgfdecorationsegmentamplitude=\dimen165
\pgfdecorationsegmentlength=\dimen166
)
\tikz@lib@dec@box=\box57
)
(C:\Users\dominik.werner\AppData\Roaming\MiKTeX\2.9\tex\generic\pgf\libraries\d
ecorations\pgflibrarydecorations.pathreplacing.code.tex))
(C:\Users\dominik.werner\AppData\Roaming\MiKTeX\2.9\tex\generic\pgf\frontendlay
er\tikz\libraries\tikzlibrarypositioning.code.tex
File: tikzlibrarypositioning.code.tex 2008/10/06 v3.0.1a (rcs-revision 1.7)
)
(C:\Users\dominik.werner\AppData\Roaming\MiKTeX\2.9\tex\generic\pgf\frontendlay
er\tikz\libraries\tikzlibrarycalc.code.tex
File: tikzlibrarycalc.code.tex 2013/07/15 v3.0.1a (rcs-revision 1.9)
)
(C:\Data\Projects\jaynik2drpg\doc\diagrams\Combat_system.aux)
LaTeX Font Info:    Checking defaults for OML/cmm/m/it on input line 11.
LaTeX Font Info:    ... okay on input line 11.
LaTeX Font Info:    Checking defaults for T1/cmr/m/n on input line 11.
LaTeX Font Info:    ... okay on input line 11.
LaTeX Font Info:    Checking defaults for OT1/cmr/m/n on input line 11.
LaTeX Font Info:    ... okay on input line 11.
LaTeX Font Info:    Checking defaults for OMS/cmsy/m/n on input line 11.
LaTeX Font Info:    ... okay on input line 11.
LaTeX Font Info:    Checking defaults for OMX/cmex/m/n on input line 11.
LaTeX Font Info:    ... okay on input line 11.
LaTeX Font Info:    Checking defaults for U/cmr/m/n on input line 11.
LaTeX Font Info:    ... okay on input line 11.

*geometry* driver: auto-detecting
*geometry* detected driver: pdftex
*geometry* verbose mode - [ preamble ] result:
* driver: pdftex
* paper: custom
* layout: <same size as paper>
* layoutoffset:(h,v)=(0.0pt,0.0pt)
* modes: 
* h-part:(L,W,R)=(183.52214pt, 856.42421pt, 183.52214pt)
* v-part:(T,H,B)=(92.18787pt, 537.75473pt, 138.2818pt)
* \paperwidth=1223.46849pt
* \paperheight=768.2244pt
* \textwidth=856.42421pt
* \textheight=537.75473pt
* \oddsidemargin=111.25215pt
* \evensidemargin=111.25215pt
* \topmargin=-17.08212pt
* \headheight=12.0pt
* \headsep=25.0pt
* \topskip=10.0pt
* \footskip=30.0pt
* \marginparwidth=65.0pt
* \marginparsep=11.0pt
* \columnsep=10.0pt
* \skip\footins=9.0pt plus 4.0pt minus 2.0pt
* \hoffset=0.0pt
* \voffset=0.0pt
* \mag=1000
* \@twocolumnfalse
* \@twosidefalse
* \@mparswitchfalse
* \@reversemarginfalse
* (1in=72.27pt=25.4mm, 1cm=28.453pt)

ABD: EveryShipout initializing macros
(C:\Users\dominik.werner\AppData\Roaming\MiKTeX\2.9\tex\context\base\supp-pdf.m
kii
[Loading MPS to PDF converter (version 2006.09.02).]
\scratchcounter=\count111
\scratchdimen=\dimen167
\scratchbox=\box58
\nofMPsegments=\count112
\nofMParguments=\count113
\everyMPshowfont=\toks30
\MPscratchCnt=\count114
\MPscratchDim=\dimen168
\MPnumerator=\count115
\makeMPintoPDFobject=\count116
\everyMPtoPDFconversion=\toks31
)
LaTeX Font Info:    External font `cmex10' loaded for size
(Font)              <7> on input line 54.
LaTeX Font Info:    External font `cmex10' loaded for size
(Font)              <5> on input line 54.

Overfull \hbox (161.43655pt too wide) in paragraph at lines 24--109
[] [] 
 []

[1

]
Overfull \vbox (126.34235pt too high) has occurred while \output is active []


[2{C:/Users/dominik.werner/AppData/Local/MiKTeX/2.9/pdftex/config/pdftex.map}]
(C:\Data\Projects\jaynik2drpg\doc\diagrams\Combat_system.aux) ) 
Here is how much of TeX's memory you used:
 14660 strings out of 493921
 329454 string characters out of 3144850
 405867 words of memory out of 3000000
 17712 multiletter control sequences out of 15000+200000
 3640 words of font info for 14 fonts, out of 3000000 for 9000
 841 hyphenation exceptions out of 8191
 55i,7n,67p,425b,622s stack positions out of 5000i,500n,10000p,200000b,50000s
<C:/Program File
s (x86)/MiKTeX 2.9/fonts/type1/public/amsfonts/cm/cmmi10.pfb><C:/Program Files 
(x86)/MiKTeX 2.9/fonts/type1/public/amsfonts/cm/cmr10.pfb>
Output written on Combat_system.pdf (2 pages, 35516 bytes).
PDF statistics:
 20 PDF objects out of 1000 (max. 8388607)
 0 named destinations out of 1000 (max. 500000)
 13 words of extra memory for PDF output out of 10000 (max. 10000000)

